"../../../Engine/Content/Functions/Engine_MaterialFunctions01/Opacity/CameraDepthFade.uasset" 0
"../../../Engine/Content/EngineMaterials/T_Default_Material_Grid_M.uasset" 1
"../../../Engine/Content/EngineMaterials/T_Default_Material_Grid_N.uasset" 2
"../../../Engine/Content/EngineMaterials/WorldGridMaterial.uasset" 3
"../../../Waterfall/Content/NuclearCart/mFloorTileTilesLarge_albedo.uasset" 4
"../../../Waterfall/Content/NuclearCart/mFloorTileTilesLarge_mask.uasset" 5
"../../../Waterfall/Content/NuclearCart/mFloorTileTilesLarge_Normal.uasset" 6
"../../../Waterfall/Content/NuclearCart/water_almost_flat_normal.uasset" 7
"../../../Waterfall/Content/NuclearCart/waterNormal.uasset" 8
"../../../Waterfall/Content/NuclearCart/FloorShader.uasset" 9
"../../../Engine/Content/BasicShapes/Cube.uasset" 10
"../../../Waterfall/Content/StarterContent/Maps/Minimal_Default.umap" 11
"../../../Waterfall/Content/NuclearCart/TutorialCurve.uasset" 12
"../../../Waterfall/Content/NuclearCart/waterTestCollection.uasset" 13
"../../../Waterfall/Content/NuclearCart/rain_texture01.uasset" 14
"../../../Waterfall/Content/NuclearCart/WaterDrops.uasset" 15
"../../../Waterfall/Content/NuclearCart/WaterDropHitEmitter.uasset" 16
"../../../Waterfall/Content/NuclearCart/WaterDropsEmitter.uasset" 17
"../../../Waterfall/Content/NuclearCart/WaterPuddleTest.umap" 18
"../../../Engine/Content/EngineFonts/Roboto.uasset" 19
"../../../Engine/Content/Functions/Engine_MaterialFunctions01/Shading/PowerToRoughness.uasset" 20
"../../../Engine/Content/EngineMaterials/DefaultDiffuse.uasset" 21
"../../../Engine/Content/EngineMaterials/DefaultDeferredDecalMaterial.uasset" 22
"../../../Engine/Content/EngineMaterials/DefaultLightFunctionMaterial.uasset" 23
"../../../Engine/Content/Functions/Engine_MaterialFunctions02/Utility/BreakOutFloat2Components.uasset" 24
"../../../Engine/Content/EngineMaterials/DefaultPostProcessMaterial.uasset" 25
"../../../Engine/Content/Functions/Engine_MaterialFunctions02/Texturing/ScreenAlignedUVs.uasset" 26
"../../../Engine/Content/EngineResources/WhiteSquareTexture.uasset" 27
"../../../Engine/Content/EngineMaterials/Widget3DPassThrough.uasset" 28
"../../../Engine/Content/EngineMaterials/Widget3DPassThrough_Translucent.uasset" 29
"../../../Engine/Content/EngineMaterials/Widget3DPassThrough_Translucent_OneSided.uasset" 30
"../../../Engine/Content/EngineMaterials/Widget3DPassThrough_Opaque.uasset" 31
"../../../Engine/Content/EngineMaterials/Widget3DPassThrough_Opaque_OneSided.uasset" 32
"../../../Engine/Content/EngineMaterials/Widget3DPassThrough_Masked.uasset" 33
"../../../Engine/Content/EngineMaterials/Widget3DPassThrough_Masked_OneSided.uasset" 34
"../../../Engine/Content/EditorResources/S_Actor.uasset" 35
"../../../Engine/Content/EditorResources/S_Emitter.uasset" 36
"../../../Engine/Content/EditorResources/SceneManager.uasset" 37
"../../../Engine/Content/EditorResources/Bad.uasset" 38
"../../../Engine/Content/EditorResources/Bkgnd.uasset" 39
"../../../Engine/Content/EditorResources/BkgndHi.uasset" 40
"../../../Engine/Content/EditorMeshes/EditorCube.uasset" 41
"../../../Engine/Content/EditorMeshes/EditorSphere.uasset" 42
"../../../Engine/Content/EditorMeshes/EditorPlane.uasset" 43
"../../../Engine/Content/EditorMeshes/EditorCylinder.uasset" 44
"../../../Engine/Content/Maps/Templates/Thumbnails/Default.uasset" 45
"../../../Engine/Content/EditorMaterials/Thumbnails/SkySphereMaterial.uasset" 46
"../../../Engine/Content/EditorMeshes/EditorSkySphere.uasset" 47
"../../../Engine/Content/EngineMaterials/Grid.uasset" 48
"../../../Engine/Content/EditorMaterials/Thumbnails/FloorPlaneMaterial.uasset" 49
"../../../Engine/Content/MapTemplates/Sky/DaylightAmbientCubemap.uasset" 50
"../../../Engine/Content/EditorMaterials/ParticleSystems/PSysThumbnail_NoImage.uasset" 51
"../../../Engine/Content/EditorMaterials/ParticleSystems/PSysThumbnail_OOD.uasset" 52
"../../../Engine/Content/EditorResources/S_DecalActorIcon.uasset" 53
"../../../Engine/Content/EditorLandscapeResources/LandscapeGizmo_Mat.uasset" 54
"../../../Engine/Content/EditorLandscapeResources/LandscapeGizmo_Mat_Copied.uasset" 55
"../../../Engine/Content/EditorLandscapeResources/LandscapeGizmoHeight_Mat.uasset" 56
"../../../Engine/Content/EditorLandscapeResources/DataLayer.uasset" 57
"../../../Engine/Content/EditorResources/S_Terrain.uasset" 58
"../../../Engine/Content/EditorLandscapeResources/SplineEditorMeshMat.uasset" 59
"../../../Engine/Content/EditorLandscapeResources/SplineEditorMesh.uasset" 60
"../../../Engine/Content/EditorResources/MatineeCam_D.uasset" 61
"../../../Engine/Content/EditorMaterials/MatineeCam_mat.uasset" 62
"../../../Engine/Content/EditorMeshes/MatineeCam_SM.uasset" 63
"../../../Engine/Content/Functions/Engine_MaterialFunctions02/Utility/Sign.uasset" 64
"../../../Engine/Content/Functions/Engine_MaterialFunctions02/Utility/Round.uasset" 65
"../../../Engine/Content/Functions/Engine_MaterialFunctions02/ExampleContent/Textures/flipbook.uasset" 66
"../../../Engine/Content/Functions/Engine_MaterialFunctions02/Texturing/FlipBook.uasset" 67
"../../../Engine/Content/EditorResources/T_EditorHelp.uasset" 68
"../../../Engine/Content/EditorMaterials/HelpActorMaterial.uasset" 69
"../../../Engine/Content/EditorResources/S_ExpoHeightFog.uasset" 70
"../../../Engine/Content/EditorResources/S_NavP.uasset" 71
"../../../Engine/Content/EditorResources/S_Player.uasset" 72
"../../../Engine/Content/EditorResources/LightIcons/SkyLight.uasset" 73
"../../../Engine/Content/EditorResources/S_WindDirectional.uasset" 74
"../../../Engine/Content/EngineDamageTypes/DmgTypeBP_Environmental.uasset" 75
"../../../Engine/Content/EditorResources/LightIcons/S_LightDirectional.uasset" 76
"../../../Engine/Content/EditorResources/LightIcons/S_LightDirectionalMove.uasset" 77
"../../../Engine/Content/EditorResources/LightIcons/S_LightPoint.uasset" 78
"../../../Engine/Content/EditorResources/LightIcons/S_LightPointMove.uasset" 79
"../../../Engine/Content/EditorResources/LightIcons/S_LightSpot.uasset" 80
"../../../Engine/Content/EditorResources/LightIcons/S_LightSpotMove.uasset" 81
"../../../Engine/Content/EditorResources/MatInstActSprite.uasset" 82
"../../../Engine/Content/EditorResources/AI/S_NavLink.uasset" 83
"../../../Engine/Content/EditorResources/S_Note.uasset" 84
"../../../Engine/Content/EngineMeshes/Sphere.uasset" 85
"../../../Engine/Content/EditorResources/S_ReflActorIcon.uasset" 86
"../../../Engine/Content/EditorResources/S_Thruster.uasset" 87
"../../../Engine/Content/EditorResources/S_RadForce.uasset" 88
"../../../Engine/Content/EditorMaterials/TargetIcon.uasset" 89
"../../../Engine/Content/EngineFonts/RobotoDistanceField.uasset" 90
"../../../Engine/Content/EngineMaterials/DefaultTextMaterialOpaque.uasset" 91
"../../../Engine/Content/EditorResources/S_TextRenderActorIcon.uasset" 92
"../../../Engine/Content/EditorResources/S_Trigger.uasset" 93
"../../../Engine/Content/EditorResources/S_VectorFieldVol.uasset" 94
"../../../Engine/Content/EngineResources/GradientTexture0.uasset" 95
"../../../Engine/Content/EngineResources/Black.uasset" 96
"../../../Engine/Content/EditorMaterials/MatineeGroups/MAT_Groups_Float.uasset" 97
"../../../Engine/Content/EditorMaterials/MatineeGroups/MAT_Groups_Director.uasset" 98
"../../../Engine/Content/EditorMaterials/MatineeGroups/MAT_Groups_Event.uasset" 99
"../../../Engine/Content/EditorMaterials/MatineeGroups/MAT_Groups_Anim.uasset" 100
"../../../Engine/Content/EditorMaterials/MatineeGroups/MAT_Groups_Fade.uasset" 101
"../../../Engine/Content/EditorMaterials/MatineeGroups/MAT_Groups_Move.uasset" 102
"../../../Engine/Content/EditorMaterials/MatineeGroups/MAT_Groups_Slomo.uasset" 103
"../../../Engine/Content/EditorMaterials/MatineeGroups/MAT_ColorTrack.uasset" 104
"../../../Engine/Content/EditorMaterials/MAT_Groups_Toggle.uasset" 105
"../../../Engine/Content/EditorMaterials/MatineeGroups/MAT_Groups_AudioMaster.uasset" 106
"../../../Engine/Content/EditorMaterials/MatineeGroups/MAT_Groups_Sound.uasset" 107
"../../../Engine/Content/EditorMaterials/MatineeGroups/MAT_Groups_Vector.uasset" 108
"../../../Engine/Content/EditorMaterials/MAT_Groups_Visibility.uasset" 109
"../../../Engine/Content/EngineResources/DefaultTextureCube.uasset" 110
"../../../Engine/Content/EngineMaterials/DefaultMaterial.uasset" 111
"../../../Engine/Content/EngineMeshes/Cylinder.uasset" 112
"../../../Engine/Content/EngineTireTypes/DefaultTireType.uasset" 113
"../../../Engine/Content/EditorResources/S_FTest.uasset" 114
"../../../Engine/Content/EngineResources/AICON-Red.uasset" 115
"../../../Engine/Content/EngineResources/AICON-Green.uasset" 116
"../../../Engine/Plugins/2D/Paper2D/Content/PlaceholderTextures/DummySpriteTexture.uasset" 117
"../../../Engine/Plugins/2D/Paper2D/Content/DefaultSpriteMaterial.uasset" 118
"../../../Engine/Plugins/2D/Paper2D/Content/MaskedUnlitSpriteMaterial.uasset" 119
"../../../Engine/Plugins/2D/Paper2D/Content/OpaqueUnlitSpriteMaterial.uasset" 120
"../../../Engine/Plugins/2D/Paper2D/Content/DummySprite.uasset" 121
"../../../Engine/Plugins/2D/Paper2D/Content/DefaultPaperTerrainMaterial.uasset" 122
"../../../Engine/Content/EditorSounds/Notifications/CompileSuccess.uasset" 123
"../../../Engine/Content/EditorSounds/Notifications/CompileStart_Cue.uasset" 124
"../../../Engine/Content/EditorSounds/Notifications/CompileSuccess_Cue.uasset" 125
"../../../Engine/Content/EditorSounds/Notifications/CompileFailed.uasset" 126
"../../../Engine/Content/EditorSounds/Notifications/CompileFailed_Cue.uasset" 127
"../../../Engine/Content/BufferVisualization/BaseColor.uasset" 128
"../../../Engine/Content/BufferVisualization/CustomDepth.uasset" 129
"../../../Engine/Content/Functions/Engine_MaterialFunctions02/Utility/MakeFloat2.uasset" 130
"../../../Engine/Content/Functions/Engine_MaterialFunctions02/Utility/MakeFloat3.uasset" 131
"../../../Engine/Content/EngineMaterials/MiniFont.uasset" 132
"../../../Engine/Content/BufferVisualization/CustomStencil.uasset" 133
"../../../Engine/Content/BufferVisualization/DecalMask.uasset" 134
"../../../Engine/Content/BufferVisualization/FinalImage.uasset" 135
"../../../Engine/Content/BufferVisualization/LightingModel.uasset" 136
"../../../Engine/Content/BufferVisualization/MaterialAO.uasset" 137
"../../../Engine/Content/BufferVisualization/Metallic.uasset" 138
"../../../Engine/Content/BufferVisualization/Opacity.uasset" 139
"../../../Engine/Content/BufferVisualization/Roughness.uasset" 140
"../../../Engine/Content/BufferVisualization/SceneColor.uasset" 141
"../../../Engine/Content/BufferVisualization/SceneDepth.uasset" 142
"../../../Engine/Content/BufferVisualization/SeparateTranslucencyRGB.uasset" 143
"../../../Engine/Content/BufferVisualization/SeparateTranslucencyA.uasset" 144
"../../../Engine/Content/BufferVisualization/Specular.uasset" 145
"../../../Engine/Content/BufferVisualization/SubsurfaceColor.uasset" 146
"../../../Engine/Content/BufferVisualization/WorldNormal.uasset" 147
"../../../Engine/Content/EngineMaterials/DefaultPhysicalMaterial.uasset" 148
"../../../Engine/Content/BufferVisualization/AmbientOcclusion.uasset" 149
"../../../Engine/Content/Functions/Engine_MaterialFunctions02/Utility/VectorLength.uasset" 150
"../../../Engine/Content/BufferVisualization/CustomDepthWorldUnits.uasset" 151
"../../../Engine/Content/BufferVisualization/SceneDepthWorldUnits.uasset" 152
"../../../Engine/Plugins/Runtime/LeapMotionController/Content/LM_CapsuleMesh.uasset" 153
"../../../Engine/Plugins/Runtime/LeapMotionController/Content/LM_TorusMesh.uasset" 154
"../../../Engine/Plugins/Runtime/LeapMotionController/Content/LM_HandColor.uasset" 155
"../../../Engine/Plugins/Runtime/LeapMotionController/Content/LM_SampleDistortion.uasset" 156
"../../../Engine/Plugins/Runtime/LeapMotionController/Content/LM_TestTexture.uasset" 157
"../../../Engine/Plugins/Runtime/LeapMotionController/Content/LM_PassthroughMaterial.uasset" 158
"../../../Engine/Content/EngineMaterials/HighResolutionScreenshotMaskFunction.uasset" 159
"../../../Engine/Content/EngineMaterials/HighResScreenshot.uasset" 160
"../../../Engine/Content/EngineMaterials/HighResScreenshotMask.uasset" 161
"../../../Engine/Content/EngineMaterials/HighResScreenshotCaptureRegion.uasset" 162
"../../../Engine/Content/EngineDebugMaterials/WireframeMaterial.uasset" 163
"../../../Engine/Content/Functions/Engine_MaterialFunctions01/Shading/ConvertFromDiffSpec.uasset" 164
"../../../Engine/Content/EngineDebugMaterials/LevelColorationLitMaterial.uasset" 165
"../../../Engine/Content/EngineDebugMaterials/LevelColorationUnlitMaterial.uasset" 166
"../../../Engine/Content/EngineMaterials/DefaultWhiteGrid.uasset" 167
"../../../Engine/Content/EngineDebugMaterials/MAT_LevelColorationLitLightmapUV.uasset" 168
"../../../Engine/Content/EngineDebugMaterials/ShadedLevelColorationLitMaterial.uasset" 169
"../../../Engine/Content/EngineDebugMaterials/ShadedLevelColorationUnlitMateri.uasset" 170
"../../../Engine/Content/EngineDebugMaterials/VertexColorMaterial.uasset" 171
"../../../Engine/Content/EngineDebugMaterials/VertexColorViewMode_ColorOnly.uasset" 172
"../../../Engine/Content/EngineDebugMaterials/VertexColorViewMode_AlphaAsColor.uasset" 173
"../../../Engine/Content/EngineDebugMaterials/VertexColorViewMode_RedOnly.uasset" 174
"../../../Engine/Content/EngineDebugMaterials/VertexColorViewMode_GreenOnly.uasset" 175
"../../../Engine/Content/EngineDebugMaterials/VertexColorViewMode_BlueOnly.uasset" 176
"../../../Engine/Content/EngineMaterials/RemoveSurfaceMaterial.uasset" 177
"../../../Engine/Content/EngineDebugMaterials/DebugMeshMaterial.uasset" 178
"../../../Engine/Content/EngineMaterials/InvalidLightmapSettings.uasset" 179
"../../../Engine/Content/EngineMaterials/M_InvalidLightmapSettings.uasset" 180
"../../../Engine/Content/EditorMaterials/GizmoMaterial.uasset" 181
"../../../Engine/Content/EngineDebugMaterials/GeomMaterial.uasset" 182
"../../../Engine/Content/EngineMaterials/EditorBrushMaterial.uasset" 183
"../../../Engine/Content/EngineDebugMaterials/HeatmapGradient.uasset" 184
"../../../Engine/Content/EngineDebugMaterials/BoneWeightMaterial.uasset" 185
"../../../Engine/Content/EditorMaterials/PreviewShadowIndicator.uasset" 186
"../../../Engine/Content/EditorMaterials/PreviewShadowIndicatorMaterial.uasset" 187
"../../../Engine/Content/EditorMaterials/PhAT_JointLimitMaterial.uasset" 188
"../../../Engine/Content/EditorResources/BSPVertex.uasset" 189
"../../../Engine/Content/EngineMaterials/DefaultBokeh.uasset" 190
"../../../Engine/Content/EngineMaterials/PreintegratedSkinBRDF.uasset" 191
"../../../Engine/Content/EngineMaterials/WeightMapPlaceholderTexture.uasset" 192
"../../../Engine/Content/EngineFonts/RobotoTiny.uasset" 193
"../../../Engine/Content/EditorMaterials/Cascade/CASC_Solo_On.uasset" 194
"../../../Engine/Content/Tutorial/Basics/LevelEditorAttract.uasset" 195
"../../../Engine/Content/Tutorial/Basics/TutorialAssets/icon_tab_Levels_40x.uasset" 196
"../../../Engine/Content/Tutorial/Basics/LevelEditorOverview.uasset" 197
"../../../Engine/Content/Tutorial/Basics/FeaturePacks.uasset" 198
"../../../Engine/Content/Tutorial/Basics/ContentBrowserOverview.uasset" 199
"../../../Engine/Content/Tutorial/Basics/TutorialAssets/CameraActor_64x.uasset" 200
"../../../Engine/Content/Tutorial/Basics/ViewportsTutorial.uasset" 201
"../../../Engine/Content/Tutorial/BlueprintTutorials/TutorialAssets/Blueprint_64x.uasset" 202
"../../../Engine/Content/Tutorial/InWorldBlueprintEditing/IWBE_Tutorial.uasset" 203
"../../../Engine/Content/Tutorial/BlueprintTutorials/BlueprintEditorTutorial.uasset" 204
"../../../Engine/Content/Tutorial/SubEditors/MaterialEditorTutorial.uasset" 205
"../../../Engine/Content/Tutorial/ContentIntroCurve.uasset" 206
"../../../Engine/Content/EditorMaterials/Cross.uasset" 207
"../../../Engine/Content/EditorMaterials/Cross_Mat.uasset" 208
"../../../Engine/Content/EditorMaterials/PhAT_BoneSelectedMaterial.uasset" 209
"../../../Engine/Content/EditorMaterials/PhAT_ElemSelectedMaterial.uasset" 210
"../../../Engine/Content/EditorMaterials/PhAT_NoCollisionMaterial.uasset" 211
"../../../Engine/Content/EditorMaterials/PhAT_UnselectedMaterial.uasset" 212
"../../../Engine/Content/EditorMaterials/Tick.uasset" 213
"../../../Engine/Content/EditorMaterials/Tick_Mat.uasset" 214
"../../../Engine/Content/EditorMaterials/WidgetGridVertexColorMaterial.uasset" 215
"../../../Engine/Content/EditorMaterials/WidgetGridVertexColorMaterial_Ma.uasset" 216
"../../../Engine/Content/EditorMaterials/WidgetMaterial.uasset" 217
"../../../Engine/Content/EditorMaterials/WidgetMaterial_Current.uasset" 218
"../../../Engine/Content/EditorMaterials/WidgetMaterial_X.uasset" 219
"../../../Engine/Content/EditorMaterials/WidgetMaterial_Y.uasset" 220
"../../../Engine/Content/EditorMaterials/WidgetMaterial_Z.uasset" 221
"../../../Engine/Content/EditorMaterials/WidgetVertexColorMaterial.uasset" 222
"../../../Engine/Content/EditorMaterials/CompositeARGBLayer.uasset" 223
"../../../Engine/Content/EditorMaterials/TilingAALineIntegral.uasset" 224
"../../../Engine/Content/EditorMaterials/TilingAALineBoxFiltered.uasset" 225
"../../../Engine/Content/Functions/Engine_MaterialFunctions03/Procedurals/ComputeFilterWidth.uasset" 226
"../../../Engine/Content/EditorMaterials/TilingAADots.uasset" 227
"../../../Engine/Content/EditorMaterials/Cascade/CASC_Cross.uasset" 228
"../../../Engine/Content/EditorMaterials/Cascade/CASC_None.uasset" 229
"../../../Engine/Content/Functions/Engine_MaterialFunctions03/Blends/Blend_Screen.uasset" 230
"../../../Engine/Content/EditorMaterials/TilingAAGrid.uasset" 231
"../../../Engine/Content/EditorMaterials/LevelGridMaterial.uasset" 232
"../../../Engine/Content/EditorResources/SmallFont.uasset" 233
"../../../Engine/Content/EditorResources/S_KBSJoint.uasset" 234
"../../../Engine/Content/EditorResources/S_KHinge.uasset" 235
"../../../Engine/Content/EditorResources/S_KPrismatic.uasset" 236
"../../../Engine/Content/EditorResources/LightIcons/S_LightError.uasset" 237
"../../../Engine/Content/EditorResources/Spline/T_Loft_Spline.uasset" 238
"../../../Engine/Content/EngineMaterials/BlinkingCaret.uasset" 239
"../../../Engine/Content/EngineMaterials/DefaultNormal.uasset" 240
"../../../Engine/Content/EngineMaterials/Grid_N.uasset" 241
"../../../Engine/Content/EngineMaterials/LandscapeHolePhysicalMaterial.uasset" 242
"../../../Engine/Content/EngineMaterials/PaperDiffuse.uasset" 243
"../../../Engine/Content/EngineMaterials/PaperNormal.uasset" 244
"../../../Engine/Content/EngineMaterials/PhysMat_Rubber.uasset" 245
"../../../Engine/Content/EngineFonts/SmallFont.uasset" 246
"../../../Engine/Content/EngineFonts/TinyFont.uasset" 247
"../../../Engine/Content/EngineResources/StreamingPauseIcon.uasset" 248
"../../../Engine/Content/EngineResources/M_StreamingPause.uasset" 249
"../../../Engine/Content/EditorLandscapeResources/DefaultAlphaTexture.uasset" 250
"../../../Engine/Content/EditorMaterials/Cascade/CASC_ModuleDisable.uasset" 251
"../../../Engine/Content/EditorResources/EmptyActor.uasset" 252
"../../../Engine/Content/BasicShapes/Sphere.uasset" 253
"../../../Engine/Content/BasicShapes/Cylinder.uasset" 254
"../../../Engine/Content/EditorMaterials/Cascade/CASC_ModuleEnable.uasset" 255
"../../../Engine/Content/BasicShapes/Cone.uasset" 256
"../../../Engine/Content/EditorMaterials/MakeCompositeARGBLayer.uasset" 257
"../../../Engine/Content/EditorResources/LevelGrid1DStripes.uasset" 258
"../../../Engine/Content/EditorMaterials/TextureGridCascaded1D.uasset" 259
"../../../Engine/Content/EditorMaterials/TextureGridCascaded2D.uasset" 260
"../../../Engine/Content/EditorMaterials/LevelGridMaterial2.uasset" 261
"../../../Waterfall/Content/NuclearCart/TestMAT.uasset" 262
"../../../Engine/Content/EditorSounds/GamePreview/EndPlayInEditor.uasset" 263
"../../../Engine/Content/EditorSounds/GamePreview/EndPlayInEditor_Cue.uasset" 264
"../../../Engine/Content/EditorMaterials/Cascade/CASC_CurveEd.uasset" 265
"../../../Engine/Content/EditorMaterials/Cascade/CASC_Lights.uasset" 266
"../../../Engine/Content/EditorMaterials/Cascade/CASC_Point.uasset" 267
"../../../Engine/Content/EditorMaterials/Cascade/CASC_Normal.uasset" 268
"../../../Engine/Content/EditorMeshes/AnimTreeEd_PreviewFloor.uasset" 269
"../../../Engine/Content/EditorSounds/GamePreview/StartPlayInEditor.uasset" 270
"../../../Engine/Content/EditorSounds/GamePreview/StartPlayInEditor_Cue.uasset" 271
"../../../Engine/Content/EditorMaterials/Cascade/CASC_Solo_Off.uasset" 272
"../../../Engine/Content/EditorMaterials/Cascade/CASC_DisabledModule.uasset" 273
"../../../Engine/Content/Tutorial/SubEditors/ParticleSystemEditorTutorial.uasset" 274
"../../../Engine/Content/Functions/Engine_MaterialFunctions02/Texturing/ScreenAlignedPixelToPixelUVs.uasset" 275
"../../../Engine/Content/EngineMaterials/Good64x64TilingNoiseHighFreq.uasset" 276
"../../../Engine/Content/Functions/Engine_MaterialFunctions02/Utility/DitherTemporalAA.uasset" 277
"../../../Engine/Content/EditorMaterials/MatineeGroups/MAT_Groups_View_On.uasset" 278
"../../../Engine/Content/EditorMaterials/MatineeGroups/MAT_Groups_View_Off.uasset" 279
"../../../Engine/Content/EditorMaterials/MatineeGroups/MAT_Groups_Right_On.uasset" 280
"../../../Engine/Content/EditorMaterials/MatineeGroups/MAT_Groups_Right_Off.uasset" 281
"../../../Engine/Content/EditorMaterials/MatineeGroups/MAT_Groups_Left_On.uasset" 282
"../../../Engine/Content/EditorMaterials/MatineeGroups/MAT_Groups_Left_Off.uasset" 283
"../../../Engine/Content/EditorMaterials/MatineeGroups/MAT_Groups_Graph_On.uasset" 284
"../../../Engine/Content/EditorMaterials/MatineeGroups/MAT_Groups_Graph_Off.uasset" 285
"../../../Engine/Content/EditorMaterials/MatineeGreyGrad.uasset" 286
"../../../Waterfall/Content/StarterContent/Audio/Fire01.uasset" 287
"../../../Waterfall/Content/StarterContent/Audio/Fire01_Cue.uasset" 288
"../../../Waterfall/Content/StarterContent/Textures/T_Fire_SubUV.uasset" 289
"../../../Waterfall/Content/StarterContent/Textures/T_Fire_Tiled_D.uasset" 290
"../../../Waterfall/Content/StarterContent/Particles/Materials/M_Fire_SubUV.uasset" 291
"../../../Waterfall/Content/StarterContent/Textures/T_Water_N.uasset" 292
"../../../Waterfall/Content/StarterContent/Particles/Materials/M_Heat_Distortion.uasset" 293
"../../../Engine/Content/Functions/Engine_MaterialFunctions01/Gradient/RadialGradient.uasset" 294
"../../../Waterfall/Content/StarterContent/Particles/Materials/M_Radial_Gradient.uasset" 295
"../../../Waterfall/Content/StarterContent/Textures/T_Smoke_SubUV.uasset" 296
"../../../Waterfall/Content/StarterContent/Textures/T_Smoke_Tiled_D.uasset" 297
"../../../Waterfall/Content/StarterContent/Particles/Materials/M_smoke_subUV.uasset" 298
"../../../Waterfall/Content/StarterContent/Particles/P_Fire.uasset" 299
"../../../Waterfall/Content/StarterContent/Blueprints/Blueprint_Effect_Fire.uasset" 300
"../../../Engine/Content/Functions/Engine_MaterialFunctions01/Texturing/TextureCropping.uasset" 301
"../../../Engine/Content/Functions/Engine_MaterialFunctions02/Utility/BreakOutFloat3Components.uasset" 302
"../../../Engine/Content/Functions/Engine_MaterialFunctions02/Utility/BreakOutFloat4Components.uasset" 303
"../../../Engine/Content/Functions/Engine_MaterialFunctions01/Texturing/ComputeMipLevel.uasset" 304
"../../../Engine/Content/Functions/Engine_MaterialFunctions02/ExampleContent/DebugNumberStrip.uasset" 305
"../../../Engine/Content/Functions/Engine_MaterialFunctions02/ExampleContent/Textures/DebugNumberPeriod.uasset" 306
"../../../Engine/Content/Functions/Engine_MaterialFunctions02/Utility/DebugScalarValues.uasset" 307
"../../../Engine/Content/Functions/Engine_MaterialFunctions02/Utility/DebugFloat4Values.uasset" 308
"../../../Engine/Content/Functions/Engine_MaterialFunctions02/Utility/DebugFloat3Values.uasset" 309
"../../../Engine/Content/Functions/Engine_MaterialFunctions02/Utility/DebugFloat2Values.uasset" 310
"../../../Waterfall/Content/StarterContent/Audio/Smoke01.uasset" 311
"../../../Waterfall/Content/StarterContent/Audio/Smoke01_Cue.uasset" 312
"../../../Waterfall/Content/StarterContent/Particles/P_Smoke.uasset" 313
"../../../Waterfall/Content/StarterContent/Blueprints/Blueprint_Effect_Smoke.uasset" 314
"../../../Waterfall/Content/StarterContent/Audio/Fire_Sparks01.uasset" 315
"../../../Waterfall/Content/StarterContent/Audio/Fire_Sparks01_Cue.uasset" 316
"../../../Waterfall/Content/StarterContent/Textures/T_Spark_Core.uasset" 317
"../../../Waterfall/Content/StarterContent/Particles/Materials/M_Spark.uasset" 318
"../../../Waterfall/Content/StarterContent/Particles/P_Sparks.uasset" 319
"../../../Waterfall/Content/StarterContent/Blueprints/Blueprint_Effect_Sparks.uasset" 320
"../../../Waterfall/Content/StarterContent/Audio/Steam01.uasset" 321
"../../../Waterfall/Content/StarterContent/Audio/Steam01_Cue.uasset" 322
"../../../Waterfall/Content/StarterContent/Particles/P_Steam_Lit.uasset" 323
"../../../Waterfall/Content/StarterContent/Blueprints/Blueprint_Effect_Steam.uasset" 324
"../../../Engine/Content/EditorBlueprintResources/StandardMacros.uasset" 325
"../../../Engine/Content/EngineSky/C_Sky_Cloud_Color.uasset" 326
"../../../Engine/Content/EngineSky/C_Sky_Horizon_Color.uasset" 327
"../../../Engine/Content/EngineSky/C_Sky_Zenith_Color.uasset" 328
"../../../Engine/Content/EngineSky/T_Sky_Blue.uasset" 329
"../../../Engine/Content/EngineSky/T_Sky_Clouds_M.uasset" 330
"../../../Engine/Content/EngineSky/T_Sky_Stars.uasset" 331
"../../../Engine/Content/EngineSky/SM_SkySphere.uasset" 332
"../../../Engine/Content/EngineSky/M_Sky_Panning_Clouds2.uasset" 333
"../../../Engine/Content/EngineSky/BP_Sky_Sphere.uasset" 334
"../../../Engine/Content/ArtTools/RenderToTexture/Enums/RenderToTexture_Imposter_Enum.uasset" 335
"../../../Engine/Content/ArtTools/RenderToTexture/Enums/RenderToTexture_Flipbook_Enum.uasset" 336
"../../../Engine/Content/ArtTools/RenderToTexture/Enums/RenderToTexture_Enum.uasset" 337
"../../../Engine/Content/Tutorial/BlueprintTutorials/TutorialAssets/Tutorial_BP_MacroLib.uasset" 338
"../../../Engine/Content/EditorBlueprintResources/ActorMacros.uasset" 339
"../../../Waterfall/Content/StarterContent/Textures/T_Lamp_M.uasset" 340
"../../../Waterfall/Content/StarterContent/Textures/T_Lamp_N.uasset" 341
"../../../Waterfall/Content/StarterContent/Props/Materials/M_Lamp.uasset" 342
"../../../Waterfall/Content/StarterContent/Props/SM_Lamp_Ceiling.uasset" 343
"../../../Waterfall/Content/StarterContent/Blueprints/Blueprint_CeilingLight.uasset" 344
"../../../Engine/Content/Functions/Engine_MaterialFunctions02/Utility/BumpOffset_Advanced.uasset" 345
"../../../Engine/Content/Functions/Engine_MaterialFunctions01/Gradient/LinearGradient.uasset" 346
"../../../Engine/Content/Functions/Engine_MaterialFunctions01/ImageAdjustment/CheapContrast.uasset" 347
"../../../Engine/Content/Functions/Engine_MaterialFunctions02/Texturing/HeightLerpWithTwoHeightMaps.uasset" 348
"../../../Waterfall/Content/StarterContent/Props/SM_Lamp_Wall.uasset" 349
"../../../Waterfall/Content/StarterContent/Blueprints/Blueprint_WallSconce.uasset" 350
"../../../Engine/Content/Functions/Engine_MaterialFunctions02/Math/AddComponents.uasset" 351
"../../../Engine/Content/Functions/Engine_MaterialFunctions02/SafeNormalize.uasset" 352
"../../../Engine/Content/Functions/Engine_MaterialFunctions02/WorldPositionOffset/ObjectScale.uasset" 353
"../../../Engine/Content/Functions/Engine_MaterialFunctions02/WorldPositionOffset/Wind.uasset" 354
"../../../Engine/Content/Functions/Engine_MaterialFunctions02/PivotPainter/PivotPainter_TreeData.uasset" 355
"../../../Engine/Content/Functions/Engine_MaterialFunctions02/ObjectLocalToWorldData.uasset" 356
"../../../Engine/Content/Functions/Engine_MaterialFunctions02/PivotPainter/PivotPainter_PerObjectFoliageData.uasset" 357
"../../../Engine/Content/EngineMaterials/AntiAliasedTextMaterialTranslucent.uasset" 358
"../../../Waterfall/Content/StarterContent/Textures/T_Brick_Clay_Beveled_D.uasset" 359
"../../../Waterfall/Content/StarterContent/Textures/T_Brick_Clay_Beveled_M.uasset" 360
"../../../Waterfall/Content/StarterContent/Textures/T_Brick_Clay_Beveled_N.uasset" 361
"../../../Waterfall/Content/StarterContent/Textures/T_MacroVariation.uasset" 362
"../../../Waterfall/Content/StarterContent/Materials/M_Brick_Clay_Beveled.uasset" 363
"../../../Waterfall/Content/StarterContent/Textures/T_Brick_Clay_New_D.uasset" 364
"../../../Waterfall/Content/StarterContent/Textures/T_Brick_Clay_New_M.uasset" 365
"../../../Waterfall/Content/StarterContent/Textures/T_Brick_Clay_New_N.uasset" 366
"../../../Waterfall/Content/StarterContent/Textures/T_Detail_Rocky_N.uasset" 367
"../../../Waterfall/Content/StarterContent/Materials/M_Brick_Clay_New.uasset" 368
"../../../Waterfall/Content/StarterContent/Textures/T_Brick_Clay_Old_D.uasset" 369
"../../../Waterfall/Content/StarterContent/Textures/T_Brick_Clay_Old_N.uasset" 370
"../../../Waterfall/Content/StarterContent/Textures/T_Perlin_Noise_M.uasset" 371
"../../../Waterfall/Content/StarterContent/Materials/M_Brick_Clay_Old.uasset" 372
"../../../Waterfall/Content/StarterContent/Textures/T_Brick_Cut_Stone_D.uasset" 373
"../../../Waterfall/Content/StarterContent/Textures/T_Brick_Cut_Stone_N.uasset" 374
"../../../Waterfall/Content/StarterContent/Materials/M_Brick_Cut_Stone.uasset" 375
"../../../Waterfall/Content/StarterContent/Textures/T_Brick_Hewn_Stone_D.uasset" 376
"../../../Waterfall/Content/StarterContent/Textures/T_Brick_Hewn_Stone_M.uasset" 377
"../../../Waterfall/Content/StarterContent/Textures/T_Brick_Hewn_Stone_N.uasset" 378
"../../../Waterfall/Content/StarterContent/Materials/M_Brick_Hewn_Stone.uasset" 379
"../../../Waterfall/Content/StarterContent/Textures/T_Ceramic_Tile_M.uasset" 380
"../../../Waterfall/Content/StarterContent/Textures/T_Ceramic_Tile_N.uasset" 381
"../../../Waterfall/Content/StarterContent/Textures/T_Rock_Marble_Polished_D.uasset" 382
"../../../Waterfall/Content/StarterContent/Materials/M_Ceramic_Tile_Checker.uasset" 383
"../../../Waterfall/Content/StarterContent/Textures/T_CobbleStone_Pebble_D.uasset" 384
"../../../Waterfall/Content/StarterContent/Textures/T_CobbleStone_Pebble_M.uasset" 385
"../../../Waterfall/Content/StarterContent/Textures/T_CobbleStone_Pebble_N.uasset" 386
"../../../Waterfall/Content/StarterContent/Materials/M_CobbleStone_Pebble.uasset" 387
"../../../Waterfall/Content/StarterContent/Textures/T_CobbleStone_Rough_D.uasset" 388
"../../../Waterfall/Content/StarterContent/Textures/T_CobbleStone_Rough_N.uasset" 389
"../../../Waterfall/Content/StarterContent/Textures/T_Gradinet_01.uasset" 390
"../../../Waterfall/Content/StarterContent/Textures/T_Rock_Smooth_Granite_D.uasset" 391
"../../../Waterfall/Content/StarterContent/Materials/M_CobbleStone_Rough.uasset" 392
"../../../Waterfall/Content/StarterContent/Textures/T_CobbleStone_Smooth_D.uasset" 393
"../../../Waterfall/Content/StarterContent/Textures/T_CobbleStone_Smooth_M.uasset" 394
"../../../Waterfall/Content/StarterContent/Textures/T_CobbleStone_Smooth_N.uasset" 395
"../../../Waterfall/Content/StarterContent/Materials/M_CobbleStone_Smooth.uasset" 396
"../../../Waterfall/Content/StarterContent/Textures/T_Concrete_Grime_D.uasset" 397
"../../../Waterfall/Content/StarterContent/Textures/T_Metal_Rust_N.uasset" 398
"../../../Waterfall/Content/StarterContent/Materials/M_Concrete_Grime.uasset" 399
"../../../Waterfall/Content/StarterContent/Textures/T_Concrete_Panels_D.uasset" 400
"../../../Waterfall/Content/StarterContent/Textures/T_Concrete_Panels_N.uasset" 401
"../../../Waterfall/Content/StarterContent/Materials/M_Concrete_Panels.uasset" 402
"../../../Waterfall/Content/StarterContent/Textures/T_Concrete_Poured_D.uasset" 403
"../../../Waterfall/Content/StarterContent/Textures/T_Concrete_Poured_N.uasset" 404
"../../../Waterfall/Content/StarterContent/Materials/M_Concrete_Poured.uasset" 405
"../../../Waterfall/Content/StarterContent/Textures/T_Concrete_Tiles_D.uasset" 406
"../../../Waterfall/Content/StarterContent/Textures/T_Concrete_Tiles_M.uasset" 407
"../../../Waterfall/Content/StarterContent/Textures/T_Concrete_Tiles_N.uasset" 408
"../../../Waterfall/Content/StarterContent/Textures/T_Concrete_Tiles_Variation_M.uasset" 409
"../../../Waterfall/Content/StarterContent/Materials/M_Concrete_Tiles.uasset" 410
"../../../Waterfall/Content/StarterContent/Textures/T_Ground_Grass_D.uasset" 411
"../../../Waterfall/Content/StarterContent/Textures/T_Ground_Grass_N.uasset" 412
"../../../Waterfall/Content/StarterContent/Materials/M_Ground_Grass.uasset" 413
"../../../Waterfall/Content/StarterContent/Textures/T_Ground_Gravel_D.uasset" 414
"../../../Waterfall/Content/StarterContent/Textures/T_Ground_Gravel_N.uasset" 415
"../../../Waterfall/Content/StarterContent/Materials/M_Ground_Gravel.uasset" 416
"../../../Waterfall/Content/StarterContent/Textures/T_ground_Moss_D.uasset" 417
"../../../Waterfall/Content/StarterContent/Textures/T_Ground_Moss_N.uasset" 418
"../../../Waterfall/Content/StarterContent/Materials/M_Ground_Moss.uasset" 419
"../../../Waterfall/Content/StarterContent/Materials/M_Metal_Brushed_Nickel.uasset" 420
"../../../Waterfall/Content/StarterContent/Textures/T_Metal_Aluminum_D.uasset" 421
"../../../Waterfall/Content/StarterContent/Textures/T_Metal_Gold_N.uasset" 422
"../../../Waterfall/Content/StarterContent/Materials/M_Metal_Burnished_Steel.uasset" 423
"../../../Waterfall/Content/StarterContent/Materials/M_Metal_Chrome.uasset" 424
"../../../Waterfall/Content/StarterContent/Textures/T_Metal_Copper_D.uasset" 425
"../../../Waterfall/Content/StarterContent/Materials/M_Metal_Copper.uasset" 426
"../../../Waterfall/Content/StarterContent/Textures/T_Metal_Gold_D.uasset" 427
"../../../Waterfall/Content/StarterContent/Materials/M_Metal_Gold.uasset" 428
"../../../Engine/Content/Functions/Engine_MaterialFunctions02/Utility/BlendAngleCorrectedNormals.uasset" 429
"../../../Waterfall/Content/StarterContent/Textures/T_Metal_Rust_D.uasset" 430
"../../../Waterfall/Content/StarterContent/Materials/M_Metal_Rust.uasset" 431
"../../../Waterfall/Content/StarterContent/Textures/T_Metal_Steel_D.uasset" 432
"../../../Waterfall/Content/StarterContent/Textures/T_Metal_Steel_N.uasset" 433
"../../../Waterfall/Content/StarterContent/Materials/M_Metal_Steel.uasset" 434
"../../../Waterfall/Content/StarterContent/Textures/T_Rock_Basalt_D.uasset" 435
"../../../Waterfall/Content/StarterContent/Textures/T_Rock_Basalt_N.uasset" 436
"../../../Waterfall/Content/StarterContent/Materials/M_Rock_Basalt.uasset" 437
"../../../Waterfall/Content/StarterContent/Materials/M_Rock_Marble_Polished.uasset" 438
"../../../Waterfall/Content/StarterContent/Textures/T_Rock_Sandstone_D.uasset" 439
"../../../Waterfall/Content/StarterContent/Textures/T_Rock_Sandstone_N.uasset" 440
"../../../Waterfall/Content/StarterContent/Materials/M_Rock_Sandstone.uasset" 441
"../../../Waterfall/Content/StarterContent/Textures/T_Rock_Slate_D.uasset" 442
"../../../Waterfall/Content/StarterContent/Textures/T_Rock_Slate_N.uasset" 443
"../../../Waterfall/Content/StarterContent/Materials/M_Rock_Slate.uasset" 444
"../../../Waterfall/Content/StarterContent/Textures/T_Checker_Noise_M.uasset" 445
"../../../Waterfall/Content/StarterContent/Textures/T_Single_Tile_N.uasset" 446
"../../../Waterfall/Content/StarterContent/Textures/T_Tech_Dot_M.uasset" 447
"../../../Waterfall/Content/StarterContent/Textures/T_Tech_Dot_N.uasset" 448
"../../../Waterfall/Content/StarterContent/Materials/M_Tech_Checker_Dot.uasset" 449
"../../../Waterfall/Content/StarterContent/Textures/T_Tech_Hex_Tile_M.uasset" 450
"../../../Waterfall/Content/StarterContent/Textures/T_Tech_Hex_Tile_N.uasset" 451
"../../../Waterfall/Content/StarterContent/Materials/M_Tech_Hex_Tile.uasset" 452
"../../../Waterfall/Content/StarterContent/Materials/M_Tech_Hex_Tile_Pulse.uasset" 453
"../../../Waterfall/Content/StarterContent/Textures/T_Tech_Panel_M.uasset" 454
"../../../Waterfall/Content/StarterContent/Textures/T_Tech_Panel_N.uasset" 455
"../../../Waterfall/Content/StarterContent/Materials/M_Tech_Panel.uasset" 456
"../../../Waterfall/Content/StarterContent/Materials/M_Water_Lake.uasset" 457
"../../../Waterfall/Content/StarterContent/Textures/T_Water_M.uasset" 458
"../../../Waterfall/Content/StarterContent/Materials/M_Water_Ocean.uasset" 459
"../../../Waterfall/Content/StarterContent/Textures/T_Wood_Floor_Walnut_D.uasset" 460
"../../../Waterfall/Content/StarterContent/Textures/T_Wood_Floor_Walnut_M.uasset" 461
"../../../Waterfall/Content/StarterContent/Textures/T_Wood_Floor_Walnut_N.uasset" 462
"../../../Waterfall/Content/StarterContent/Materials/M_Wood_Floor_Walnut_Polished.uasset" 463
"../../../Engine/Content/Functions/Engine_MaterialFunctions01/Opacity/AlphaOffset.uasset" 464
"../../../Waterfall/Content/StarterContent/Materials/M_Wood_Floor_Walnut_Worn.uasset" 465
"../../../Waterfall/Content/StarterContent/Textures/T_Wood_Oak_D.uasset" 466
"../../../Waterfall/Content/StarterContent/Textures/T_Wood_Oak_N.uasset" 467
"../../../Waterfall/Content/StarterContent/Materials/M_Wood_Oak.uasset" 468
"../../../Waterfall/Content/StarterContent/Textures/T_Wood_Pine_D.uasset" 469
"../../../Waterfall/Content/StarterContent/Textures/T_Wood_Pine_N.uasset" 470
"../../../Waterfall/Content/StarterContent/Materials/M_Wood_Pine.uasset" 471
"../../../Waterfall/Content/StarterContent/Textures/T_Wood_Walnut_D.uasset" 472
"../../../Waterfall/Content/StarterContent/Textures/T_Wood_Walnut_N.uasset" 473
"../../../Waterfall/Content/StarterContent/Materials/M_Wood_Walnut.uasset" 474
"../../../Waterfall/Content/StarterContent/Materials/M_Basic_Floor.uasset" 475
"../../../Waterfall/Content/StarterContent/Architecture/Floor_400x400.uasset" 476
"../../../Waterfall/Content/StarterContent/Materials/M_Basic_Wall.uasset" 477
"../../../Waterfall/Content/StarterContent/Architecture/Wall_400x200.uasset" 478
"../../../Waterfall/Content/StarterContent/Architecture/Wall_Door_400x300.uasset" 479
"../../../Waterfall/Content/StarterContent/Architecture/Wall_Window_400x300.uasset" 480
"../../../Waterfall/Content/StarterContent/Audio/Collapse01.uasset" 481
"../../../Waterfall/Content/StarterContent/Audio/Collapse02.uasset" 482
"../../../Waterfall/Content/StarterContent/Audio/Collapse_Cue.uasset" 483
"../../../Waterfall/Content/StarterContent/Audio/Starter_Birds01.uasset" 484
"../../../Waterfall/Content/StarterContent/Audio/Starter_Wind05.uasset" 485
"../../../Waterfall/Content/StarterContent/Audio/Starter_Wind06.uasset" 486
"../../../Waterfall/Content/StarterContent/Audio/Starter_Background_Cue.uasset" 487
"../../../Waterfall/Content/StarterContent/Audio/Starter_Music01.uasset" 488
"../../../Waterfall/Content/StarterContent/Audio/Starter_Music_Cue.uasset" 489
"../../../Waterfall/Content/StarterContent/Textures/T_Dust_Particle_D.uasset" 490
"../../../Waterfall/Content/StarterContent/Particles/Materials/M_Dust_Particle.uasset" 491
"../../../Waterfall/Content/StarterContent/Particles/P_Ambient_Dust.uasset" 492
"../../../Waterfall/Content/StarterContent/Props/MaterialSphere.uasset" 493
"../../../Waterfall/Content/StarterContent/Textures/T_Chair_M.uasset" 494
"../../../Waterfall/Content/StarterContent/Textures/T_Chair_N.uasset" 495
"../../../Waterfall/Content/StarterContent/Props/Materials/M_Chair.uasset" 496
"../../../Waterfall/Content/StarterContent/Props/SM_Chair.uasset" 497
"../../../Waterfall/Content/StarterContent/Textures/T_Frame_M.uasset" 498
"../../../Waterfall/Content/StarterContent/Textures/T_Frame_N.uasset" 499
"../../../Waterfall/Content/StarterContent/Props/Materials/M_Frame.uasset" 500
"../../../Waterfall/Content/StarterContent/Props/SM_CornerFrame.uasset" 501
"../../../Waterfall/Content/StarterContent/Props/SM_DoorFrame.uasset" 502
"../../../Waterfall/Content/StarterContent/Materials/M_Glass.uasset" 503
"../../../Waterfall/Content/StarterContent/Props/SM_GlassWindow.uasset" 504
"../../../Waterfall/Content/StarterContent/Props/SM_PillarFrame.uasset" 505
"../../../Waterfall/Content/StarterContent/Props/SM_PillarFrame300.uasset" 506
"../../../Waterfall/Content/StarterContent/Textures/T_TableRound_M.uasset" 507
"../../../Waterfall/Content/StarterContent/Textures/T_TableRound_N.uasset" 508
"../../../Waterfall/Content/StarterContent/Props/Materials/M_TableRound.uasset" 509
"../../../Waterfall/Content/StarterContent/Props/SM_TableRound.uasset" 510
"../../../Waterfall/Content/StarterContent/Props/SM_WindowFrame.uasset" 511
"../../../Waterfall/Content/StarterContent/Shapes/Shape_Cube.uasset" 512
"../../../Waterfall/Content/StarterContent/Shapes/Shape_QuadPyramid.uasset" 513
"../../../Waterfall/Content/StarterContent/Shapes/Shape_Sphere.uasset" 514
"../../../Engine/Content/Functions/Engine_MaterialFunctions02/PivotPainter/PivotPainter_HierarchyData.uasset" 515
"../../../Engine/Content/Functions/Engine_MaterialFunctions02/Gradients/SmoothCurve.uasset" 516
"../../../Engine/Content/Functions/Engine_MaterialFunctions02/Math/TimeWithSpeedVariable.uasset" 517
"../../../Engine/Content/Functions/Engine_MaterialFunctions02/SteppingPannerTime.uasset" 518
"../../../Engine/Content/Functions/Engine_MaterialFunctions02/Math/MakeVectorsOrthogonal.uasset" 519
"../../../Engine/Content/Functions/Engine_MaterialFunctions02/Math/Transform3x3Matrix.uasset" 520
"../../../Engine/Content/Functions/Engine_MaterialFunctions02/Utility/CameraDirectionVector.uasset" 521
"../../../Engine/Content/Functions/Engine_MaterialFunctions02/Utility/VectorToRadialValue.uasset" 522
"../../../Engine/Content/Functions/Engine_MaterialFunctions02/AlignFacingParticlesByVelocity2D.uasset" 523
"../../../Engine/Content/Functions/Engine_MaterialFunctions01/WorldPositionOffset/SimpleGrassWind.uasset" 524
"../../../Engine/Content/Functions/Engine_MaterialFunctions01/WorldPositionOffset/ConstantScalebyDistance.uasset" 525
"../../../Engine/Content/Functions/Engine_MaterialFunctions01/Vectors/MF_RotateVector_90.uasset" 526
"../../../Engine/Content/Functions/Engine_MaterialFunctions01/Texturing/BakedDisplacement.uasset" 527
"../../../Engine/Content/Functions/Engine_MaterialFunctions01/Shading/MetallicShading.uasset" 528
"../../../Engine/Content/Functions/Engine_MaterialFunctions01/Shading/FuzzyShading.uasset" 529
"../../../Engine/Content/ArtTools/RenderToTexture/Enums/EFloatTypes.uasset" 530
"../../../Engine/Content/ArtTools/RenderToTexture/Macros/RenderToTextureMacros.uasset" 531
"../../../Engine/Content/Functions/Engine_MaterialFunctions01/Reflections/ViewAlignedReflection.uasset" 532
"../../../Engine/Content/EditorMaterials/T_1x1_Grid.uasset" 533
"../../../Engine/Content/Functions/Engine_MaterialFunctions01/Debug/PlotFunctionOnGraph_Setup_Input.uasset" 534
"../../../Engine/Content/Functions/Engine_MaterialFunctions01/ImageAdjustment/BlurSampleOffsets.uasset" 535
"../../../Engine/Content/Functions/Engine_MaterialFunctions01/ImageAdjustment/SceneTextureAverage.uasset" 536
"../../../Engine/Content/EditorResources/AudioIcons/S_AudioComponent_AutoActivate.uasset" 537
"../../../Engine/Content/EditorResources/AudioIcons/S_AudioComponent.uasset" 538
"../../../Engine/Content/Tutorial/BlueprintTutorials/LevelBlueprintEditorOverview.uasset" 539
"../../../Engine/Content/Functions/Engine_MaterialFunctions01/Debug/PlotFunctionOnGraph.uasset" 540
"../../../Engine/Content/Functions/Engine_MaterialFunctions01/Coordinates/UVRemap_0-1_ToRange.uasset" 541
"../../../Engine/Content/Functions/Engine_MaterialFunctions02/Utility/DynamicBranch.uasset" 542
"../../../Engine/Content/Functions/Engine_MaterialFunctions02/Utility/LinearSine.uasset" 543
"../../../Engine/Content/Functions/Engine_MaterialFunctions02/Utility/MakeFloat4.uasset" 544
"../../../Engine/Content/Functions/Engine_MaterialFunctions02/Utility/Sine_Remapped.uasset" 545
"../../../Engine/Content/Functions/Engine_MaterialFunctions02/Utility/SumOfAConsecutiveNumberSequence.uasset" 546
"../../../Engine/Content/Functions/Engine_MaterialFunctions02/ObjectLocalBounds.uasset" 547
"../../../Engine/Content/Functions/Engine_MaterialFunctions02/UVs/BoundingBoxBased_0-1_UVW.uasset" 548
"../../../Engine/Content/Functions/Engine_MaterialFunctions02/UVs/PanTextureCoordinateChannelfrom-1toN+1.uasset" 549
"../../../Engine/Content/Functions/Engine_MaterialFunctions02/UVs/PanTextureCoordinateFrom-1toN+1.uasset" 550
"../../../Engine/Content/Functions/Engine_MaterialFunctions02/UVs/UVBrickPatterns.uasset" 551
"../../../Engine/Content/Functions/Engine_MaterialFunctions02/Math/InverseTransformMatrix.uasset" 552
"../../../Engine/Content/Functions/Engine_MaterialFunctions02/Utility/CameraVectorWithWPOOptions.uasset" 553
"../../../Engine/Content/Functions/Engine_MaterialFunctions02/WorldPositionOffset/ComponentPivotLocation.uasset" 554
"../../../Engine/Content/Functions/Engine_MaterialFunctions02/WorldPositionOffset/AlignMeshToTheCamera.uasset" 555
"../../../Engine/Content/Functions/Engine_MaterialFunctions02/WorldPositionOffset/AttachMeshToTheCamera.uasset" 556
"../../../Engine/Content/Functions/Engine_MaterialFunctions02/WorldPositionOffset/ComponentBasisVectors.uasset" 557
"../../../Engine/Content/Functions/Engine_MaterialFunctions02/WorldPositionOffset/StaticMeshMorphTargets.uasset" 558
"../../../Engine/Content/Functions/Engine_MaterialFunctions02/WorldPositionOffset/UVLayoutToWorldSpacePosition.uasset" 559
"../../../Engine/Content/Functions/Engine_MaterialFunctions03/Blends/Blend_ColorBurn.uasset" 560
"../../../Engine/Content/EditorMaterials/CASC_ModuleEnab_2.uasset" 561
"../../../Engine/Content/Functions/Engine_MaterialFunctions03/Blends/Blend_LinearLight.uasset" 562
"../../../Engine/Content/Functions/Engine_MaterialFunctions03/Blends/Lerp_ScratchGrime.uasset" 563
"../../../Engine/Content/Functions/Engine_MaterialFunctions03/Particles/Distance_Blend.uasset" 564
"../../../Engine/Content/Functions/Engine_MaterialFunctions03/Procedurals/NormalFromFunction.uasset" 565
"../../../Engine/Content/Functions/Engine_MaterialFunctions03/Procedurals/NormalFromHeightmap.uasset" 566
"../../../Engine/Content/Functions/Engine_MaterialFunctions03/Procedurals/PerturbNormalHQ.uasset" 567
"../../../Engine/Content/EngineResources/DefaultTexture.uasset" 568
"../../../Engine/Content/Functions/Engine_MaterialFunctions03/Texturing/WorldCoordinate3Way.uasset" 569
"../../../Engine/Content/Functions/GetPostProcessFunctions/GetAmbientCubemapIntensity.uasset" 570
"../../../Engine/Content/Functions/GetPostProcessFunctions/GetAmbientCubemapTint.uasset" 571
"../../../Engine/Content/Functions/MaterialLayerFunctions/MatLayerBlend_BreakBaseColor.uasset" 572
"../../../Engine/Content/Functions/MaterialLayerFunctions/MatLayerBlend_BreakNormal.uasset" 573
"../../../Engine/Content/Functions/MaterialLayerFunctions/MatLayerBlend_LightmassReplace.uasset" 574
"../../../Engine/Content/Functions/MaterialLayerFunctions/MatLayerBlend_NormalBlend.uasset" 575
"../../../Engine/Content/Functions/MaterialLayerFunctions/MatLayerBlend_OverrideDisplacement.uasset" 576
"../../../Engine/Content/Functions/MaterialLayerFunctions/MatLayerBlend_OverrideOpacityMask.uasset" 577
"../../../Engine/Content/Functions/MaterialLayerFunctions/MatLayerBlend_OverrideSubSurface.uasset" 578
"../../../Engine/Content/Functions/MaterialLayerFunctions/MatLayerBlend_OverrideWorldPositionOffset.uasset" 579
"../../../Engine/Content/Functions/MaterialLayerFunctions/MatLayerBlend_RoughnessOverride.uasset" 580
"../../../Engine/Content/Functions/MaterialLayerFunctions/MatLayerBlend_Simple.uasset" 581
"../../../Engine/Content/Functions/MaterialLayerFunctions/MatLayerBlend_TopNormal.uasset" 582
"../../../Engine/Content/MobileResources/HUD/VirtualJoystick_Background.uasset" 583
"../../../Engine/Content/MobileResources/HUD/VirtualJoystick_Thumb.uasset" 584
"../../../Engine/Content/MobileResources/HUD/LeftVirtualJoystickOnly.uasset" 585
"../../../Engine/Content/MobileResources/HUD/MobileHUDDirectionPad.uasset" 586
"../../../Engine/Content/MobileResources/T_MobileControls_texture.uasset" 587
"../../../Engine/Content/MobileResources/HUD/AnalogHat.uasset" 588
"../../../Engine/Content/MobileResources/HUD/DefaultVirtualJoysticks.uasset" 589
"../../../Engine/Content/MobileResources/HUD/MobileHUDButton1_on.uasset" 590
"../../../Engine/Content/MobileResources/HUD/MobileHUDButton2_on.uasset" 591
"../../../Engine/Content/MobileResources/HUD/MobileHUDButtonFire.uasset" 592
"../../../Engine/Content/MobileResources/HUD/MobileHUDDirectionPad2.uasset" 593
"../../../Engine/Content/MobileResources/HUD/MobileHUDDirectionStick.uasset" 594
"../../../Engine/Content/MobileResources/HUD/T_Castle_ThumbstickOutter.uasset" 595
"../../../Engine/Content/MobileResources/HUD/T_Castle_ThumbstickInner.uasset" 596
"../../../Engine/Content/MobileResources/HUD/MobileHUDButton3.uasset" 597
"../../../Engine/Content/MobileResources/HUD/MobileHUDButton1_off.uasset" 598
"../../../Engine/Content/MobileResources/T_MobileMenu2.uasset" 599
"../../../Engine/Content/MobileResources/HUD/MobileHUDDirectionPad3.uasset" 600
"../../../Engine/Content/MobileResources/HUD/MobileHUDButton2_off.uasset" 601
